::1 - GET / HTTP/1.1 500 1889 - 25.594 ms
::1 - GET / HTTP/1.1 200 170 - 832.658 ms
::1 - GET /stylesheets/style.css HTTP/1.1 304 - - 7.230 ms
::1 - GET /pi HTTP/1.1 200 27 - 3.790 ms
::1 - GET /pi HTTP/1.1 304 - - 11.894 ms
::1 - GET / HTTP/1.1 304 - - 782.589 ms
::1 - GET /stylesheets/style.css HTTP/1.1 304 - - 4.349 ms
::1 - GET / HTTP/1.1 200 3032 - 124.682 ms
::1 - GET /socket.io/socket.io.js HTTP/1.1 200 - - 6.031 ms
::1 - GET /QActorWebUI.js HTTP/1.1 200 - - 9.754 ms
::1 - GET /favicon.ico HTTP/1.1 200 - - 3.152 ms
::1 - GET / HTTP/1.1 304 - - 7.055 ms
::1 - GET /socket.io/socket.io.js HTTP/1.1 200 - - 5.465 ms
::1 - GET /QActorWebUI.js HTTP/1.1 200 - - 2.669 ms
::1 - GET /favicon.ico HTTP/1.1 200 - - 10.812 ms
::1 - GET / HTTP/1.1 304 - - 32.665 ms
::1 - GET /socket.io/socket.io.js HTTP/1.1 200 - - 7.767 ms
::1 - GET /QActorWebUI.js HTTP/1.1 200 - - 12.501 ms
::1 - GET /favicon.ico HTTP/1.1 200 - - 3.478 ms
::1 - GET / HTTP/1.1 200 3002 - 3.694 ms
::1 - GET /socket.io/socket.io.js HTTP/1.1 200 - - 8.212 ms
::1 - GET /QActorwebUI.js HTTP/1.1 200 - - 15.625 ms
::1 - GET /QActorWebUI.js HTTP/1.1 200 - - 1.355 ms
::1 - GET /favicon.ico HTTP/1.1 200 - - 1.169 ms
::1 - GET / HTTP/1.1 200 3012 - 2.330 ms
::1 - GET /socket.io/socket.io.js HTTP/1.1 200 - - 18.696 ms
::1 - GET /jsCode/QActorwebUI.js HTTP/1.1 200 - - 2.617 ms
::1 - GET /QActorWebUI.js HTTP/1.1 200 - - 4.915 ms
::1 - GET /favicon.ico HTTP/1.1 200 - - 2.469 ms
::1 - GET / HTTP/1.1 200 3012 - 3.693 ms
::1 - GET /socket.io/socket.io.js HTTP/1.1 200 - - 12.701 ms
::1 - GET /jsCode/QActorWebUI.js HTTP/1.1 200 - - 14.752 ms
::1 - GET /QActorWebUI.js HTTP/1.1 200 - - 1.666 ms
::1 - GET /favicon.ico HTTP/1.1 200 - - 7.106 ms
::1 - GET / HTTP/1.1 200 2940 - 4.290 ms
::1 - GET /socket.io/socket.io.js HTTP/1.1 200 - - 15.305 ms
::1 - GET /QActorWebUI.js HTTP/1.1 200 - - 18.347 ms
::1 - GET /favicon.ico HTTP/1.1 200 - - 24.259 ms
::1 - GET / HTTP/1.1 200 1748 - 2.342 ms
::1 - GET /socket.io/socket.io.js HTTP/1.1 200 - - 8.205 ms
::1 - GET /QActorWebUI.js HTTP/1.1 200 - - 1.245 ms
::1 - GET /favicon.ico HTTP/1.1 200 - - 3.500 ms
::1 - GET / HTTP/1.1 304 - - 33.190 ms
::1 - GET /socket.io/socket.io.js HTTP/1.1 200 - - 9.286 ms
::1 - GET /QActorWebUI.js HTTP/1.1 200 - - 14.613 ms
::1 - GET /favicon.ico HTTP/1.1 200 - - 3.757 ms
::1 - GET / HTTP/1.1 200 1628 - 31.121 ms
::1 - GET /socket.io/socket.io.js HTTP/1.1 200 - - 12.715 ms
::1 - GET /QActorWebUI.js HTTP/1.1 200 - - 16.855 ms
::1 - GET /favicon.ico HTTP/1.1 200 - - 3.531 ms
::1 - POST /w HTTP/1.1 200 - - 232.503 ms
::1 - GET /favicon.ico HTTP/1.1 200 - - 4.490 ms
::1 - POST /w HTTP/1.1 200 - - 44.045 ms
::1 - GET /favicon.ico HTTP/1.1 200 - - 14.727 ms
::1 - GET / HTTP/1.1 304 - - 25.584 ms
::1 - GET /socket.io/socket.io.js HTTP/1.1 200 - - 32.409 ms
::1 - GET /QActorWebUI.js HTTP/1.1 200 - - 2.835 ms
::1 - GET /favicon.ico HTTP/1.1 200 - - 9.750 ms
::1 - POST /w HTTP/1.1 200 - - 4.006 ms
::1 - GET /favicon.ico HTTP/1.1 200 - - 3.886 ms
::1 - POST /w HTTP/1.1 200 - - 15.232 ms
::1 - GET /favicon.ico HTTP/1.1 200 - - 5.157 ms
::1 - GET / HTTP/1.1 304 - - 4.626 ms
::1 - GET /socket.io/socket.io.js HTTP/1.1 200 - - 17.966 ms
::1 - GET /QActorWebUI.js HTTP/1.1 200 - - 2.355 ms
::1 - GET /favicon.ico HTTP/1.1 200 - - 5.313 ms
::1 - GET / HTTP/1.1 304 - - 3.626 ms
::1 - GET /socket.io/socket.io.js HTTP/1.1 200 - - 13.470 ms
::1 - GET /QActorWebUI.js HTTP/1.1 200 - - 2.680 ms
::1 - GET /favicon.ico HTTP/1.1 200 - - 5.118 ms
::1 - GET / HTTP/1.1 304 - - 26.412 ms
::1 - GET /socket.io/socket.io.js HTTP/1.1 200 - - 17.643 ms
::1 - GET /QActorWebUI.js HTTP/1.1 200 - - 3.990 ms
::1 - GET /favicon.ico HTTP/1.1 200 - - 3.742 ms
::1 - POST /w HTTP/1.1 200 - - 43.649 ms
::1 - GET /favicon.ico HTTP/1.1 200 - - 9.847 ms
::1 - GET / HTTP/1.1 304 - - 32.644 ms
::1 - GET /socket.io/socket.io.js HTTP/1.1 200 - - 9.605 ms
::1 - GET /QActorWebUI.js HTTP/1.1 200 - - 15.943 ms
::1 - GET /favicon.ico HTTP/1.1 200 - - 4.692 ms
::1 - POST /w HTTP/1.1 200 - - 39.362 ms
::1 - GET /favicon.ico HTTP/1.1 200 - - 12.235 ms
::1 - GET / HTTP/1.1 500 1890 - 25.934 ms
::1 - GET /favicon.ico HTTP/1.1 200 - - 8.700 ms
::1 - GET / HTTP/1.1 200 1628 - 25.102 ms
::1 - GET /socket.io/socket.io.js HTTP/1.1 200 - - 19.401 ms
::1 - GET /QActorWebUI.js HTTP/1.1 200 - - 26.488 ms
::1 - GET /favicon.ico HTTP/1.1 200 - - 5.630 ms
::1 - POST /w HTTP/1.1 200 - - 38.404 ms
::1 - GET /favicon.ico HTTP/1.1 200 - - 11.656 ms
::1 - GET / HTTP/1.1 304 - - 22.675 ms
::1 - GET /socket.io/socket.io.js HTTP/1.1 200 - - 11.189 ms
::1 - GET /QActorWebUI.js HTTP/1.1 200 - - 8.625 ms
::1 - GET /favicon.ico HTTP/1.1 200 - - 3.443 ms
::1 - POST /w HTTP/1.1 200 27 - 37.856 ms
::1 - POST /w HTTP/1.1 200 1628 - 56.176 ms
::1 - GET / HTTP/1.1 304 - - 40.421 ms
::1 - GET /socket.io/socket.io.js HTTP/1.1 200 - - 6.547 ms
::1 - GET /QActorWebUI.js HTTP/1.1 200 - - 13.302 ms
::1 - GET /favicon.ico HTTP/1.1 200 - - 3.018 ms
::1 - POST /w HTTP/1.1 200 1628 - 49.698 ms
::1 - GET /socket.io/socket.io.js HTTP/1.1 200 - - 2.033 ms
::1 - GET /QActorWebUI.js HTTP/1.1 200 - - 1.256 ms
::1 - GET /favicon.ico HTTP/1.1 200 - - 2.487 ms
::1 - POST /w HTTP/1.1 200 1637 - 18.159 ms
::1 - GET /socket.io/socket.io.js HTTP/1.1 200 - - 154.009 ms
::1 - GET /favicon.ico HTTP/1.1 200 - - 10.810 ms
::1 - POST /w HTTP/1.1 200 1637 - 5.457 ms
::1 - GET /socket.io/socket.io.js HTTP/1.1 200 - - 5.204 ms
::1 - GET /favicon.ico HTTP/1.1 200 - - 2.666 ms
::1 - GET / HTTP/1.1 200 1637 - 47.439 ms
::1 - GET /socket.io/socket.io.js HTTP/1.1 200 - - 14.829 ms
::1 - GET /favicon.ico HTTP/1.1 200 - - 4.608 ms
::1 - POST /w HTTP/1.1 200 1637 - 40.269 ms
::1 - GET /socket.io/socket.io.js HTTP/1.1 200 - - 8.865 ms
::1 - GET /favicon.ico HTTP/1.1 200 - - 2.326 ms
::1 - POST /w HTTP/1.1 200 1637 - 77.930 ms
::1 - GET /socket.io/socket.io.js HTTP/1.1 200 - - 12.131 ms
::1 - GET /favicon.ico HTTP/1.1 200 - - 2.997 ms
::1 - POST /w HTTP/1.1 200 1637 - 9.381 ms
::1 - GET /socket.io/socket.io.js HTTP/1.1 200 - - 13.569 ms
::1 - GET /favicon.ico HTTP/1.1 200 - - 7.265 ms
::1 - POST /a HTTP/1.1 200 1637 - 4.528 ms
::1 - GET /socket.io/socket.io.js HTTP/1.1 200 - - 2.268 ms
::1 - GET /favicon.ico HTTP/1.1 200 - - 3.352 ms
::1 - POST /h HTTP/1.1 200 1637 - 7.894 ms
::1 - GET /socket.io/socket.io.js HTTP/1.1 200 - - 5.816 ms
::1 - GET /favicon.ico HTTP/1.1 200 - - 2.254 ms
