::1 - GET / HTTP/1.1 304 - - 53.964 ms
::1 - POST /s HTTP/1.1 - - - - ms
::1 - POST /h HTTP/1.1 - - - - ms
::1 - POST /h HTTP/1.1 - - - - ms
::1 - GET / HTTP/1.1 200 2031 - 39.257 ms
::1 - GET / HTTP/1.1 200 2049 - 11.429 ms
::1 - GET /favicon.ico HTTP/1.1 200 - - 4.083 ms
::1 - POST /w HTTP/1.1 - - - - ms
::1 - POST /s HTTP/1.1 - - - - ms
::1 - POST /h HTTP/1.1 - - - - ms
::1 - POST /w HTTP/1.1 - - - - ms
::1 - POST /w HTTP/1.1 - - - - ms
::1 - GET / HTTP/1.1 304 - - 5.881 ms
::1 - GET /favicon.ico HTTP/1.1 200 - - 3.208 ms
::1 - POST /s HTTP/1.1 - - - - ms
::1 - POST /h HTTP/1.1 - - - - ms
::1 - POST /w HTTP/1.1 - - - - ms
::1 - POST /w HTTP/1.1 - - - - ms
::1 - POST /s HTTP/1.1 - - - - ms
::1 - POST /h HTTP/1.1 - - - - ms
::1 - POST /h HTTP/1.1 - - - - ms
::ffff:127.0.0.1 - GET / HTTP/1.1 304 - - 37.529 ms
::1 - GET /favicon.ico HTTP/1.1 200 - - 11.284 ms
::ffff:127.0.0.1 - POST /w HTTP/1.1 - - - - ms
::1 - POST /s HTTP/1.1 - - - - ms
::1 - POST /h HTTP/1.1 - - - - ms
::1 - POST /w HTTP/1.1 - - - - ms
::1 - POST /w HTTP/1.1 - - - - ms
::1 - GET / HTTP/1.1 304 - - 23.834 ms
::1 - GET /favicon.ico HTTP/1.1 200 - - 5.710 ms
::1 - GET / HTTP/1.1 304 - - 543.825 ms
::1 - GET /favicon.ico HTTP/1.1 200 - - 5.284 ms
::1 - GET / HTTP/1.1 200 2067 - 7.216 ms
::1 - GET /favicon.ico HTTP/1.1 200 - - 1.434 ms
::1 - GET / HTTP/1.1 200 2112 - 3.451 ms
::1 - GET /favicon.ico HTTP/1.1 200 - - 17.711 ms
::1 - GET / HTTP/1.1 200 2112 - 2.751 ms
::1 - GET /favicon.ico HTTP/1.1 200 - - 6.086 ms
::1 - POST /w HTTP/1.1 - - - - ms
::1 - POST /h HTTP/1.1 - - - - ms
::1 - POST /s HTTP/1.1 - - - - ms
::1 - POST /h HTTP/1.1 - - - - ms
::1 - POST /w HTTP/1.1 - - - - ms
::1 - POST /s HTTP/1.1 - - - - ms
::1 - POST /h HTTP/1.1 - - - - ms
::1 - POST /h HTTP/1.1 - - - - ms
::1 - GET / HTTP/1.1 200 2111 - 9.843 ms
::1 - GET /favicon.ico HTTP/1.1 200 - - 2.022 ms
::1 - POST /w HTTP/1.1 - - - - ms
::1 - POST /s HTTP/1.1 - - - - ms
::1 - POST /h HTTP/1.1 - - - - ms
::1 - POST /d HTTP/1.1 - - - - ms
::1 - POST /d HTTP/1.1 - - - - ms
::1 - GET / HTTP/1.1 304 - - 85.789 ms
::1 - GET /favicon.ico HTTP/1.1 200 - - 2.648 ms
::1 - POST /w HTTP/1.1 - - - - ms
::1 - POST /s HTTP/1.1 - - - - ms
::1 - POST /h HTTP/1.1 - - - - ms
::1 - POST /w HTTP/1.1 - - - - ms
::1 - POST /h HTTP/1.1 - - - - ms
::1 - POST /s HTTP/1.1 - - - - ms
::1 - POST /h HTTP/1.1 - - - - ms
::1 - GET / HTTP/1.1 304 - - 237.621 ms
::1 - GET /favicon.ico HTTP/1.1 200 - - 11.027 ms
::1 - POST /w HTTP/1.1 - - - - ms
::1 - POST /h HTTP/1.1 - - - - ms
::1 - POST /h HTTP/1.1 - - - - ms
::1 - GET / HTTP/1.1 304 - - 64.330 ms
::1 - GET /favicon.ico HTTP/1.1 200 - - 7.256 ms
::1 - POST /w HTTP/1.1 - - - - ms
::1 - POST /h HTTP/1.1 - - - - ms
::1 - POST /s HTTP/1.1 - - - - ms
